<?xml version="1.0" encoding="UTF-8"?>
<testng-results ignored="0" total="1" passed="1" failed="0" skipped="0">
  <reporter-output>
  </reporter-output>
  <suite started-at="2024-04-02T16:02:47 IST" name="Default suite" finished-at="2024-04-02T16:03:01 IST" duration-ms="14730">
    <groups>
    </groups>
    <test started-at="2024-04-02T16:02:47 IST" name="Default test" finished-at="2024-04-02T16:03:01 IST" duration-ms="14730">
      <class name="testpkg.FDKlogintest">
        <test-method is-config="true" signature="setUp()[pri:0, instance:testpkg.FDKlogintest@d86a6f]" started-at="2024-04-02T16:02:47 IST" name="setUp" finished-at="2024-04-02T16:02:53 IST" duration-ms="6555" status="PASS">
          <reporter-output>
          </reporter-output>
        </test-method> <!-- setUp -->
        <test-method signature="logintst()[pri:0, instance:testpkg.FDKlogintest@d86a6f]" started-at="2024-04-02T16:02:53 IST" name="logintst" finished-at="2024-04-02T16:03:01 IST" duration-ms="8116" status="PASS">
          <reporter-output>
          </reporter-output>
        </test-method> <!-- logintst -->
      </class> <!-- testpkg.FDKlogintest -->
    </test> <!-- Default test -->
  </suite> <!-- Default suite -->
</testng-results>
